<?xml version="1.0" encoding="UTF-8"?>
<!-- Generated by org.testng.reporters.JUnitReportReporter -->
<testsuite hostname="Shuvro" failures="0" tests="1" name="testhomepage.TestHomepage" time="15.584" errors="0" timestamp="2020-02-19T22:40:43 EST" skipped="0">
  <testcase classname="testhomepage.TestHomepage" name="testPracticeButton" time="15.584"/>
  <system-out/>
</testsuite> <!-- testhomepage.TestHomepage -->
